<?xml version="1.0" encoding="UTF-8"?>
<!-- Generated by org.testng.reporters.JUnitReportReporter -->
<testsuite skipped="0" hostname="LAPTOP-S7V84PQE" name="com.selenium.automation.BrowserInvoke" tests="1" failures="0" timestamp="23 Jun 2020 15:45:47 GMT" time="5.287" errors="0">
  <testcase name="firefoxBrowser" time="5.287" classname="com.selenium.automation.BrowserInvoke"/>
</testsuite> <!-- com.selenium.automation.BrowserInvoke -->
